0 info it worked if it ends with ok
1 verbose cli [ 'C:\\Program Files (x86)\\nodejs\\node.exe',
1 verbose cli   'C:\\Program Files (x86)\\nodejs\\node_modules\\npm\\bin\\npm-cli.js',
1 verbose cli   'install',
1 verbose cli   'child_process',
1 verbose cli   '--save' ]
2 info using npm@2.14.7
3 info using node@v4.2.3
4 verbose install initial load of C:\Users\joe\Dropbox\projects\jsScrapers\package.json
5 verbose installManyTop reading scoped package data from C:\Users\joe\Dropbox\projects\jsScrapers\node_modules\body-parser\package.json
6 verbose installManyTop reading scoped package data from C:\Users\joe\Dropbox\projects\jsScrapers\node_modules\cheerio\package.json
7 verbose installManyTop reading scoped package data from C:\Users\joe\Dropbox\projects\jsScrapers\node_modules\cookie-parser\package.json
8 verbose installManyTop reading scoped package data from C:\Users\joe\Dropbox\projects\jsScrapers\node_modules\debug\package.json
9 verbose installManyTop reading scoped package data from C:\Users\joe\Dropbox\projects\jsScrapers\node_modules\exec-php\package.json
10 verbose installManyTop reading scoped package data from C:\Users\joe\Dropbox\projects\jsScrapers\node_modules\express\package.json
11 verbose installManyTop reading scoped package data from C:\Users\joe\Dropbox\projects\jsScrapers\node_modules\jade\package.json
12 verbose installManyTop reading scoped package data from C:\Users\joe\Dropbox\projects\jsScrapers\node_modules\jsdom\package.json
13 verbose installManyTop reading scoped package data from C:\Users\joe\Dropbox\projects\jsScrapers\node_modules\morgan\package.json
14 verbose installManyTop reading scoped package data from C:\Users\joe\Dropbox\projects\jsScrapers\node_modules\serve-favicon\package.json
15 verbose readDependencies loading dependencies from C:\Users\joe\Dropbox\projects\jsScrapers\package.json
16 silly cache add args [ 'child_process', null ]
17 verbose cache add spec child_process
18 silly cache add parsed spec Result {
18 silly cache add   raw: 'child_process',
18 silly cache add   scope: null,
18 silly cache add   name: 'child_process',
18 silly cache add   rawSpec: '',
18 silly cache add   spec: '*',
18 silly cache add   type: 'range' }
19 silly addNamed child_process@*
20 verbose addNamed "*" is a valid semver range for child_process
21 silly addNameRange { name: 'child_process', range: '*', hasData: false }
22 silly mapToRegistry name child_process
23 silly mapToRegistry using default registry
24 silly mapToRegistry registry https://registry.npmjs.org/
25 silly mapToRegistry uri https://registry.npmjs.org/child_process
26 verbose addNameRange registry:https://registry.npmjs.org/child_process not in flight; fetching
27 verbose request uri https://registry.npmjs.org/child_process
28 verbose request no auth needed
29 info attempt registry request try #1 at 2:24:15 PM
30 verbose request id 26a17e4bc835ca2b
31 http request GET https://registry.npmjs.org/child_process
32 http 404 https://registry.npmjs.org/child_process
33 verbose headers { 'content-type': 'application/json',
33 verbose headers   'cache-control': 'max-age=0',
33 verbose headers   'content-length': '2',
33 verbose headers   'accept-ranges': 'bytes',
33 verbose headers   date: 'Sat, 19 Dec 2015 22:24:14 GMT',
33 verbose headers   via: '1.1 varnish',
33 verbose headers   connection: 'keep-alive',
33 verbose headers   'x-served-by': 'cache-sjc3122-SJC',
33 verbose headers   'x-cache': 'MISS',
33 verbose headers   'x-cache-hits': '0',
33 verbose headers   'x-timer': 'S1450563853.655849,VS0,VE415' }
34 silly get cb [ 404,
34 silly get   { 'content-type': 'application/json',
34 silly get     'cache-control': 'max-age=0',
34 silly get     'content-length': '2',
34 silly get     'accept-ranges': 'bytes',
34 silly get     date: 'Sat, 19 Dec 2015 22:24:14 GMT',
34 silly get     via: '1.1 varnish',
34 silly get     connection: 'keep-alive',
34 silly get     'x-served-by': 'cache-sjc3122-SJC',
34 silly get     'x-cache': 'MISS',
34 silly get     'x-cache-hits': '0',
34 silly get     'x-timer': 'S1450563853.655849,VS0,VE415' } ]
35 verbose stack Error: Registry returned 404 for GET on https://registry.npmjs.org/child_process
35 verbose stack     at makeError (C:\Program Files (x86)\nodejs\node_modules\npm\node_modules\npm-registry-client\lib\request.js:264:12)
35 verbose stack     at CachingRegistryClient.<anonymous> (C:\Program Files (x86)\nodejs\node_modules\npm\node_modules\npm-registry-client\lib\request.js:242:14)
35 verbose stack     at Request._callback (C:\Program Files (x86)\nodejs\node_modules\npm\node_modules\npm-registry-client\lib\request.js:172:14)
35 verbose stack     at Request.self.callback (C:\Program Files (x86)\nodejs\node_modules\npm\node_modules\request\request.js:198:22)
35 verbose stack     at emitTwo (events.js:87:13)
35 verbose stack     at Request.emit (events.js:172:7)
35 verbose stack     at Request.<anonymous> (C:\Program Files (x86)\nodejs\node_modules\npm\node_modules\request\request.js:1063:14)
35 verbose stack     at emitOne (events.js:82:20)
35 verbose stack     at Request.emit (events.js:169:7)
35 verbose stack     at IncomingMessage.<anonymous> (C:\Program Files (x86)\nodejs\node_modules\npm\node_modules\request\request.js:1009:12)
36 verbose statusCode 404
37 verbose pkgid child_process
38 verbose cwd C:\Users\joe\Dropbox\projects\jsScrapers\bin\scrapers\uvic
39 error Windows_NT 6.3.9600
40 error argv "C:\\Program Files (x86)\\nodejs\\node.exe" "C:\\Program Files (x86)\\nodejs\\node_modules\\npm\\bin\\npm-cli.js" "install" "child_process" "--save"
41 error node v4.2.3
42 error npm  v2.14.7
43 error code E404
44 error 404 Registry returned 404 for GET on https://registry.npmjs.org/child_process
44 error 404
44 error 404 'child_process' is not in the npm registry.
44 error 404 Your package name is not valid, because
44 error 404
44 error 404  1. child_process is a core module name
44 error 404 It was specified as a dependency of 'jsScrapers'
44 error 404
44 error 404 Note that you can also install from a
44 error 404 tarball, folder, http url, or git url.
45 verbose exit [ 1, true ]
