0 info it worked if it ends with ok
1 verbose cli [ 'C:\\Program Files (x86)\\nodejs\\node.exe',
1 verbose cli   'C:\\Program Files (x86)\\nodejs\\node_modules\\npm\\bin\\npm-cli.js',
1 verbose cli   'install',
1 verbose cli   'sleep',
1 verbose cli   '/m',
1 verbose cli   '--save' ]
2 info using npm@2.14.7
3 info using node@v4.2.3
4 verbose install initial load of C:\Users\joe\Dropbox\projects\jsScrapers\package.json
5 verbose installManyTop reading scoped package data from C:\Users\joe\Dropbox\projects\jsScrapers\node_modules\body-parser\package.json
6 verbose installManyTop reading scoped package data from C:\Users\joe\Dropbox\projects\jsScrapers\node_modules\cheerio\package.json
7 verbose installManyTop reading scoped package data from C:\Users\joe\Dropbox\projects\jsScrapers\node_modules\cookie-parser\package.json
8 verbose installManyTop reading scoped package data from C:\Users\joe\Dropbox\projects\jsScrapers\node_modules\debug\package.json
9 verbose installManyTop reading scoped package data from C:\Users\joe\Dropbox\projects\jsScrapers\node_modules\exec-php\package.json
10 verbose installManyTop reading scoped package data from C:\Users\joe\Dropbox\projects\jsScrapers\node_modules\express\package.json
11 verbose installManyTop reading scoped package data from C:\Users\joe\Dropbox\projects\jsScrapers\node_modules\jade\package.json
12 verbose installManyTop reading scoped package data from C:\Users\joe\Dropbox\projects\jsScrapers\node_modules\jsdom\package.json
13 verbose installManyTop reading scoped package data from C:\Users\joe\Dropbox\projects\jsScrapers\node_modules\morgan\package.json
14 verbose installManyTop reading scoped package data from C:\Users\joe\Dropbox\projects\jsScrapers\node_modules\node-gyp\package.json
15 verbose installManyTop reading scoped package data from C:\Users\joe\Dropbox\projects\jsScrapers\node_modules\serve-favicon\package.json
16 verbose readDependencies loading dependencies from C:\Users\joe\Dropbox\projects\jsScrapers\package.json
17 silly cache add args [ 'sleep', null ]
18 verbose cache add spec sleep
19 silly cache add args [ '/m', null ]
20 verbose cache add spec /m
21 silly cache add parsed spec Result {
21 silly cache add   raw: 'sleep',
21 silly cache add   scope: null,
21 silly cache add   name: 'sleep',
21 silly cache add   rawSpec: '',
21 silly cache add   spec: '*',
21 silly cache add   type: 'range' }
22 silly addNamed sleep@*
23 verbose addNamed "*" is a valid semver range for sleep
24 silly addNameRange { name: 'sleep', range: '*', hasData: false }
25 silly mapToRegistry name sleep
26 silly mapToRegistry using default registry
27 silly mapToRegistry registry https://registry.npmjs.org/
28 silly mapToRegistry uri https://registry.npmjs.org/sleep
29 verbose addNameRange registry:https://registry.npmjs.org/sleep not in flight; fetching
30 silly cache add parsed spec Result {
30 silly cache add   raw: '/m',
30 silly cache add   scope: null,
30 silly cache add   name: null,
30 silly cache add   rawSpec: '/m',
30 silly cache add   spec: 'C:\\m',
30 silly cache add   type: 'local' }
31 error addLocal Could not install C:\m
32 verbose request uri https://registry.npmjs.org/sleep
33 verbose request no auth needed
34 info attempt registry request try #1 at 6:35:11 PM
35 verbose request id 958c293530bf5b11
36 verbose etag "6Z12S8T1ZAGKKLWIE8WCF74L7"
37 http request GET https://registry.npmjs.org/sleep
38 http 304 https://registry.npmjs.org/sleep
39 verbose headers { date: 'Thu, 24 Dec 2015 02:35:11 GMT',
39 verbose headers   via: '1.1 varnish',
39 verbose headers   'cache-control': 'max-age=300',
39 verbose headers   etag: '"6Z12S8T1ZAGKKLWIE8WCF74L7"',
39 verbose headers   age: '230',
39 verbose headers   connection: 'keep-alive',
39 verbose headers   'x-served-by': 'cache-lax1429-LAX',
39 verbose headers   'x-cache': 'HIT',
39 verbose headers   'x-cache-hits': '1',
39 verbose headers   'x-timer': 'S1450924511.335041,VS0,VE0',
39 verbose headers   vary: 'Accept' }
40 silly get cb [ 304,
40 silly get   { date: 'Thu, 24 Dec 2015 02:35:11 GMT',
40 silly get     via: '1.1 varnish',
40 silly get     'cache-control': 'max-age=300',
40 silly get     etag: '"6Z12S8T1ZAGKKLWIE8WCF74L7"',
40 silly get     age: '230',
40 silly get     connection: 'keep-alive',
40 silly get     'x-served-by': 'cache-lax1429-LAX',
40 silly get     'x-cache': 'HIT',
40 silly get     'x-cache-hits': '1',
40 silly get     'x-timer': 'S1450924511.335041,VS0,VE0',
40 silly get     vary: 'Accept' } ]
41 verbose etag https://registry.npmjs.org/sleep from cache
42 verbose get saving sleep to C:\Users\joe\AppData\Roaming\npm-cache\registry.npmjs.org\sleep\.cache.json
43 silly addNameRange number 2 { name: 'sleep', range: '*', hasData: true }
44 silly addNameRange versions [ 'sleep',
44 silly addNameRange   [ '1.0.0',
44 silly addNameRange     '1.0.1',
44 silly addNameRange     '1.0.2',
44 silly addNameRange     '1.1.0',
44 silly addNameRange     '1.1.1',
44 silly addNameRange     '1.1.2',
44 silly addNameRange     '1.1.3',
44 silly addNameRange     '1.1.4',
44 silly addNameRange     '1.1.5',
44 silly addNameRange     '1.1.6',
44 silly addNameRange     '1.1.7',
44 silly addNameRange     '1.1.8',
44 silly addNameRange     '1.2.0',
44 silly addNameRange     '2.0.0',
44 silly addNameRange     '3.0.0' ] ]
45 silly addNamed sleep@3.0.0
46 verbose addNamed "3.0.0" is a plain semver version for sleep
47 silly cache afterAdd sleep@3.0.0
48 verbose afterAdd C:\Users\joe\AppData\Roaming\npm-cache\sleep\3.0.0\package\package.json not in flight; writing
49 verbose afterAdd C:\Users\joe\AppData\Roaming\npm-cache\sleep\3.0.0\package\package.json written
50 verbose stack Error: ENOENT: no such file or directory, open 'C:\m'
50 verbose stack     at Error (native)
51 verbose cwd C:\Users\joe\Dropbox\projects\jsScrapers\bin\scrapers\sfu
52 error Windows_NT 6.3.9600
53 error argv "C:\\Program Files (x86)\\nodejs\\node.exe" "C:\\Program Files (x86)\\nodejs\\node_modules\\npm\\bin\\npm-cli.js" "install" "sleep" "/m" "--save"
54 error node v4.2.3
55 error npm  v2.14.7
56 error path C:\m
57 error code ENOENT
58 error errno -4058
59 error syscall open
60 error enoent ENOENT: no such file or directory, open 'C:\m'
60 error enoent This is most likely not a problem with npm itself
60 error enoent and is related to npm not being able to find a file.
61 verbose exit [ -4058, true ]
